<?xml version="1.0" encoding="UTF-8"?>
<!-- Generated by org.testng.reporters.JUnitXMLReporter -->
<testsuite hostname="CAA01W115" ignored="0" name="Test" tests="4" failures="0" timestamp="2019-12-14T14:13:36 EST" time="5.338" errors="0">
  <testcase name="BrowserAutomation" time="0.997" classname="org.CAA.SeleniumTest"/>
  <testcase name="elementsUI" time="0.002" classname="org.CAA.SeleniumTest"/>
  <testcase name="PostJira" time="0.001" classname="org.CAA.RestAPITest"/>
  <testcase name="deleteTwitter" time="0.002" classname="org.CAA.RestAPITest"/>
</testsuite> <!-- Test -->
