<?xml version="1.0" encoding="UTF-8"?>
<!-- Generated by org.testng.reporters.JUnitXMLReporter -->
<testsuite hostname="CAA01W115" ignored="0" name="Command line test" tests="6" failures="0" timestamp="2019-12-14T14:12:42 EST" time="6.539" errors="0">
  <testcase name="NativeAppAndroid" time="1.074" classname="org.CAA.AppiumTest"/>
  <testcase name="NativeAppIOS" time="0.0" classname="org.CAA.AppiumTest"/>
  <testcase name="PostJira" time="0.001" classname="org.CAA.RestAPITest"/>
  <testcase name="deleteTwitter" time="0.0" classname="org.CAA.RestAPITest"/>
  <testcase name="BrowserAutomation" time="0.001" classname="org.CAA.SeleniumTest"/>
  <testcase name="elementsUI" time="0.001" classname="org.CAA.SeleniumTest"/>
</testsuite> <!-- Command line test -->
