<?xml version="1.0" encoding="UTF-8"?>
<testng-results skipped="0" failed="0" ignored="0" total="4" passed="4">
  <reporter-output>
  </reporter-output>
  <suite name="Suite" duration-ms="5338" started-at="2019-12-14T14:13:30 EST" finished-at="2019-12-14T14:13:36 EST">
    <groups>
    </groups>
    <test name="Test" duration-ms="5338" started-at="2019-12-14T14:13:30 EST" finished-at="2019-12-14T14:13:36 EST">
      <class name="org.CAA.RestAPITest">
        <test-method status="PASS" signature="PostJira()[pri:0, instance:org.CAA.RestAPITest@dc24521]" name="PostJira" duration-ms="1" started-at="2019-12-14T14:13:36 EST" finished-at="2019-12-14T14:13:36 EST">
          <reporter-output>
          </reporter-output>
        </test-method> <!-- PostJira -->
        <test-method status="PASS" signature="deleteTwitter()[pri:0, instance:org.CAA.RestAPITest@dc24521]" name="deleteTwitter" duration-ms="2" started-at="2019-12-14T14:13:36 EST" finished-at="2019-12-14T14:13:36 EST">
          <reporter-output>
          </reporter-output>
        </test-method> <!-- deleteTwitter -->
      </class> <!-- org.CAA.RestAPITest -->
      <class name="org.CAA.SeleniumTest">
        <test-method status="PASS" signature="BrowserAutomation()[pri:0, instance:org.CAA.SeleniumTest@148080bb]" name="BrowserAutomation" duration-ms="997" started-at="2019-12-14T14:13:34 EST" finished-at="2019-12-14T14:13:35 EST">
          <reporter-output>
          </reporter-output>
        </test-method> <!-- BrowserAutomation -->
        <test-method status="PASS" signature="elementsUI()[pri:0, instance:org.CAA.SeleniumTest@148080bb]" name="elementsUI" duration-ms="2" started-at="2019-12-14T14:13:35 EST" finished-at="2019-12-14T14:13:35 EST">
          <reporter-output>
          </reporter-output>
        </test-method> <!-- elementsUI -->
      </class> <!-- org.CAA.SeleniumTest -->
    </test> <!-- Test -->
  </suite> <!-- Suite -->
</testng-results>
